  Moc'ing ..\..\..\..\src\qcustomplot.h...
  Moc'ing UniversalItemDelegate.h...
  Moc'ing TableModel.h...
  Moc'ing Project.h...
  Moc'ing ParamItem.h...
  Moc'ing MainWindow.h...
  Moc'ing ItemWidget.h...
  Moc'ing InImgItem.h...
  Moc'ing ImageViewer.h...
  Moc'ing HoverEditTriggerListView.h...
  Rcc'ing imagedsp.qrc...
RCC : warning : No resources in 'C:\Users\stefa\Documents\VI-sem\dsp\projekat\build\vs2015\ImageDSP\ImageDSP\imagedsp.qrc'.
  
  Uic'ing ..\..\..\..\src\InImgItem.ui...
  Uic'ing ..\..\..\..\src\MainWindow.ui...
  Uic'ing ..\..\..\..\src\ParamItem.ui...
  ColorSpaces.cpp
  HoverEditTriggerListView.cpp
  ImageFIlter.cpp
  ImageHistogram.cpp
  ImageInterpolation.cpp
  ImageProcessing.cpp
  ImageViewer.cpp
  InImgItem.cpp
  ItemWidget.cpp
  main.cpp
  MainWindow.cpp
  ParamItem.cpp
  Project.cpp
  qcustomplot.cpp
  TableModel.cpp
  UniversalItemDelegate.cpp
  DCT.cpp
  NxNDCT.cpp
  moc_HoverEditTriggerListView.cpp
  moc_ImageViewer.cpp
  Generating Code...
  Compiling...
  moc_InImgItem.cpp
  moc_ItemWidget.cpp
  moc_MainWindow.cpp
  moc_ParamItem.cpp
  moc_Project.cpp
  moc_qcustomplot.cpp
  moc_TableModel.cpp
  moc_UniversalItemDelegate.cpp
  Generating Code...
  qrc_imagedsp.cpp
  ImageDSP.vcxproj -> C:\Users\stefa\Documents\VI-sem\dsp\projekat\build\vs2015\ImageDSP\x64\Debug\ImageDSP.exe
  ImageDSP.vcxproj -> C:\Users\stefa\Documents\VI-sem\dsp\projekat\build\vs2015\ImageDSP\x64\Debug\ImageDSP.pdb (Full PDB)
