c:\users\stefa\documents\vi-sem\dsp\projekat\build\vs2015\imagedsp\imagedsp\x64\debug\vc140.pdb
c:\users\stefa\documents\vi-sem\dsp\projekat\build\vs2015\imagedsp\imagedsp\x64\debug\moc_imageviewer.obj
c:\users\stefa\documents\vi-sem\dsp\projekat\build\vs2015\imagedsp\imagedsp\x64\debug\moc_hoveredittriggerlistview.obj
c:\users\stefa\documents\vi-sem\dsp\projekat\build\vs2015\imagedsp\imagedsp\x64\debug\nxndct.obj
c:\users\stefa\documents\vi-sem\dsp\projekat\build\vs2015\imagedsp\imagedsp\x64\debug\dct.obj
c:\users\stefa\documents\vi-sem\dsp\projekat\build\vs2015\imagedsp\imagedsp\x64\debug\universalitemdelegate.obj
c:\users\stefa\documents\vi-sem\dsp\projekat\build\vs2015\imagedsp\imagedsp\x64\debug\tablemodel.obj
c:\users\stefa\documents\vi-sem\dsp\projekat\build\vs2015\imagedsp\imagedsp\x64\debug\qcustomplot.obj
c:\users\stefa\documents\vi-sem\dsp\projekat\build\vs2015\imagedsp\imagedsp\x64\debug\project.obj
c:\users\stefa\documents\vi-sem\dsp\projekat\build\vs2015\imagedsp\imagedsp\x64\debug\paramitem.obj
c:\users\stefa\documents\vi-sem\dsp\projekat\build\vs2015\imagedsp\imagedsp\x64\debug\mainwindow.obj
c:\users\stefa\documents\vi-sem\dsp\projekat\build\vs2015\imagedsp\imagedsp\x64\debug\main.obj
c:\users\stefa\documents\vi-sem\dsp\projekat\build\vs2015\imagedsp\imagedsp\x64\debug\itemwidget.obj
c:\users\stefa\documents\vi-sem\dsp\projekat\build\vs2015\imagedsp\imagedsp\x64\debug\inimgitem.obj
c:\users\stefa\documents\vi-sem\dsp\projekat\build\vs2015\imagedsp\imagedsp\x64\debug\imageviewer.obj
c:\users\stefa\documents\vi-sem\dsp\projekat\build\vs2015\imagedsp\imagedsp\x64\debug\imageprocessing.obj
c:\users\stefa\documents\vi-sem\dsp\projekat\build\vs2015\imagedsp\imagedsp\x64\debug\imageinterpolation.obj
c:\users\stefa\documents\vi-sem\dsp\projekat\build\vs2015\imagedsp\imagedsp\x64\debug\imagehistogram.obj
c:\users\stefa\documents\vi-sem\dsp\projekat\build\vs2015\imagedsp\imagedsp\x64\debug\imagefilter.obj
c:\users\stefa\documents\vi-sem\dsp\projekat\build\vs2015\imagedsp\imagedsp\x64\debug\hoveredittriggerlistview.obj
c:\users\stefa\documents\vi-sem\dsp\projekat\build\vs2015\imagedsp\imagedsp\x64\debug\colorspaces.obj
c:\users\stefa\documents\vi-sem\dsp\projekat\build\vs2015\imagedsp\imagedsp\x64\debug\moc_universalitemdelegate.obj
c:\users\stefa\documents\vi-sem\dsp\projekat\build\vs2015\imagedsp\imagedsp\x64\debug\moc_tablemodel.obj
c:\users\stefa\documents\vi-sem\dsp\projekat\build\vs2015\imagedsp\imagedsp\x64\debug\moc_qcustomplot.obj
c:\users\stefa\documents\vi-sem\dsp\projekat\build\vs2015\imagedsp\imagedsp\x64\debug\moc_project.obj
c:\users\stefa\documents\vi-sem\dsp\projekat\build\vs2015\imagedsp\imagedsp\x64\debug\moc_paramitem.obj
c:\users\stefa\documents\vi-sem\dsp\projekat\build\vs2015\imagedsp\imagedsp\x64\debug\moc_mainwindow.obj
c:\users\stefa\documents\vi-sem\dsp\projekat\build\vs2015\imagedsp\imagedsp\x64\debug\moc_itemwidget.obj
c:\users\stefa\documents\vi-sem\dsp\projekat\build\vs2015\imagedsp\imagedsp\x64\debug\moc_inimgitem.obj
c:\users\stefa\documents\vi-sem\dsp\projekat\build\vs2015\imagedsp\imagedsp\x64\debug\qrc_imagedsp.obj
c:\users\stefa\documents\vi-sem\dsp\projekat\build\vs2015\imagedsp\imagedsp\generatedfiles\qrc_imagedsp.cpp
c:\users\stefa\documents\vi-sem\dsp\projekat\build\vs2015\imagedsp\imagedsp\generatedfiles\ui_inimgitem.h
c:\users\stefa\documents\vi-sem\dsp\projekat\build\vs2015\imagedsp\imagedsp\generatedfiles\ui_mainwindow.h
c:\users\stefa\documents\vi-sem\dsp\projekat\build\vs2015\imagedsp\imagedsp\generatedfiles\ui_paramitem.h
c:\users\stefa\documents\vi-sem\dsp\projekat\build\vs2015\imagedsp\imagedsp\generatedfiles\debug\moc_qcustomplot.cpp
c:\users\stefa\documents\vi-sem\dsp\projekat\build\vs2015\imagedsp\imagedsp\generatedfiles\debug\moc_universalitemdelegate.cpp
c:\users\stefa\documents\vi-sem\dsp\projekat\build\vs2015\imagedsp\imagedsp\generatedfiles\debug\moc_tablemodel.cpp
c:\users\stefa\documents\vi-sem\dsp\projekat\build\vs2015\imagedsp\imagedsp\generatedfiles\debug\moc_project.cpp
c:\users\stefa\documents\vi-sem\dsp\projekat\build\vs2015\imagedsp\imagedsp\generatedfiles\debug\moc_paramitem.cpp
c:\users\stefa\documents\vi-sem\dsp\projekat\build\vs2015\imagedsp\imagedsp\generatedfiles\debug\moc_mainwindow.cpp
c:\users\stefa\documents\vi-sem\dsp\projekat\build\vs2015\imagedsp\imagedsp\generatedfiles\debug\moc_itemwidget.cpp
c:\users\stefa\documents\vi-sem\dsp\projekat\build\vs2015\imagedsp\imagedsp\generatedfiles\debug\moc_inimgitem.cpp
c:\users\stefa\documents\vi-sem\dsp\projekat\build\vs2015\imagedsp\imagedsp\generatedfiles\debug\moc_imageviewer.cpp
c:\users\stefa\documents\vi-sem\dsp\projekat\build\vs2015\imagedsp\imagedsp\generatedfiles\debug\moc_hoveredittriggerlistview.cpp
c:\users\stefa\documents\vi-sem\dsp\projekat\build\vs2015\imagedsp\x64\debug\imagedsp.ilk
c:\users\stefa\documents\vi-sem\dsp\projekat\build\vs2015\imagedsp\x64\debug\imagedsp.exe
c:\users\stefa\documents\vi-sem\dsp\projekat\build\vs2015\imagedsp\x64\debug\imagedsp.pdb
c:\users\stefa\documents\vi-sem\dsp\projekat\build\vs2015\imagedsp\imagedsp\x64\debug\imagedsp.tlog\cl.command.1.tlog
c:\users\stefa\documents\vi-sem\dsp\projekat\build\vs2015\imagedsp\imagedsp\x64\debug\imagedsp.tlog\cl.read.1.tlog
c:\users\stefa\documents\vi-sem\dsp\projekat\build\vs2015\imagedsp\imagedsp\x64\debug\imagedsp.tlog\cl.write.1.tlog
c:\users\stefa\documents\vi-sem\dsp\projekat\build\vs2015\imagedsp\imagedsp\x64\debug\imagedsp.tlog\custombuild.command.1.tlog
c:\users\stefa\documents\vi-sem\dsp\projekat\build\vs2015\imagedsp\imagedsp\x64\debug\imagedsp.tlog\custombuild.read.1.tlog
c:\users\stefa\documents\vi-sem\dsp\projekat\build\vs2015\imagedsp\imagedsp\x64\debug\imagedsp.tlog\custombuild.write.1.tlog
c:\users\stefa\documents\vi-sem\dsp\projekat\build\vs2015\imagedsp\imagedsp\x64\debug\imagedsp.tlog\link.command.1.tlog
c:\users\stefa\documents\vi-sem\dsp\projekat\build\vs2015\imagedsp\imagedsp\x64\debug\imagedsp.tlog\link.read.1.tlog
c:\users\stefa\documents\vi-sem\dsp\projekat\build\vs2015\imagedsp\imagedsp\x64\debug\imagedsp.tlog\link.write.1.tlog
